This is pdfTeX, Version 3.14159265-2.6-1.40.18 (TeX Live 2017/Debian) (preloaded format=pdflatex 2018.10.19)  26 OCT 2018 13:01
entering extended mode
 restricted \write18 enabled.
 %&-line parsing enabled.
**macias004603916.tex
(./macias004603916.tex
LaTeX2e <2017-04-15>
Babel <3.18> and hyphenation patterns for 84 language(s) loaded.
(/usr/share/texlive/texmf-dist/tex/latex/base/article.cls
Document Class: article 2014/09/29 v1.4h Standard LaTeX document class
(/usr/share/texlive/texmf-dist/tex/latex/base/size11.clo
File: size11.clo 2014/09/29 v1.4h Standard LaTeX file (size option)
)
\c@part=\count79
\c@section=\count80
\c@subsection=\count81
\c@subsubsection=\count82
\c@paragraph=\count83
\c@subparagraph=\count84
\c@figure=\count85
\c@table=\count86
\abovecaptionskip=\skip41
\belowcaptionskip=\skip42
\bibindent=\dimen102
)
(/usr/share/texlive/texmf-dist/tex/latex/geometry/geometry.sty
Package: geometry 2010/09/12 v5.6 Page Geometry

(/usr/share/texlive/texmf-dist/tex/latex/graphics/keyval.sty
Package: keyval 2014/10/28 v1.15 key=value parser (DPC)
\KV@toks@=\toks14
)
(/usr/share/texlive/texmf-dist/tex/generic/oberdiek/ifpdf.sty
Package: ifpdf 2017/03/15 v3.2 Provides the ifpdf switch
)
(/usr/share/texlive/texmf-dist/tex/generic/oberdiek/ifvtex.sty
Package: ifvtex 2016/05/16 v1.6 Detect VTeX and its facilities (HO)
Package ifvtex Info: VTeX not detected.
)
(/usr/share/texlive/texmf-dist/tex/generic/ifxetex/ifxetex.sty
Package: ifxetex 2010/09/12 v0.6 Provides ifxetex conditional
)
\Gm@cnth=\count87
\Gm@cntv=\count88
\c@Gm@tempcnt=\count89
\Gm@bindingoffset=\dimen103
\Gm@wd@mp=\dimen104
\Gm@odd@mp=\dimen105
\Gm@even@mp=\dimen106
\Gm@layoutwidth=\dimen107
\Gm@layoutheight=\dimen108
\Gm@layouthoffset=\dimen109
\Gm@layoutvoffset=\dimen110
\Gm@dimlist=\toks15
)
(/usr/share/texlive/texmf-dist/tex/latex/graphics/graphicx.sty
Package: graphicx 2017/06/01 v1.1a Enhanced LaTeX Graphics (DPC,SPQR)

(/usr/share/texlive/texmf-dist/tex/latex/graphics/graphics.sty
Package: graphics 2017/06/25 v1.2c Standard LaTeX Graphics (DPC,SPQR)

(/usr/share/texlive/texmf-dist/tex/latex/graphics/trig.sty
Package: trig 2016/01/03 v1.10 sin cos tan (DPC)
)
(/usr/share/texlive/texmf-dist/tex/latex/graphics-cfg/graphics.cfg
File: graphics.cfg 2016/06/04 v1.11 sample graphics configuration
)
Package graphics Info: Driver file: pdftex.def on input line 99.

(/usr/share/texlive/texmf-dist/tex/latex/graphics-def/pdftex.def
File: pdftex.def 2018/01/08 v1.0l Graphics/color driver for pdftex
))
\Gin@req@height=\dimen111
\Gin@req@width=\dimen112
)
(/usr/share/texlive/texmf-dist/tex/latex/amsmath/amsmath.sty
Package: amsmath 2017/09/02 v2.17a AMS math features
\@mathmargin=\skip43

For additional information on amsmath, use the `?' option.
(/usr/share/texlive/texmf-dist/tex/latex/amsmath/amstext.sty
Package: amstext 2000/06/29 v2.01 AMS text

(/usr/share/texlive/texmf-dist/tex/latex/amsmath/amsgen.sty
File: amsgen.sty 1999/11/30 v2.0 generic functions
\@emptytoks=\toks16
\ex@=\dimen113
))
(/usr/share/texlive/texmf-dist/tex/latex/amsmath/amsbsy.sty
Package: amsbsy 1999/11/29 v1.2d Bold Symbols
\pmbraise@=\dimen114
)
(/usr/share/texlive/texmf-dist/tex/latex/amsmath/amsopn.sty
Package: amsopn 2016/03/08 v2.02 operator names
)
\inf@bad=\count90
LaTeX Info: Redefining \frac on input line 213.
\uproot@=\count91
\leftroot@=\count92
LaTeX Info: Redefining \overline on input line 375.
\classnum@=\count93
\DOTSCASE@=\count94
LaTeX Info: Redefining \ldots on input line 472.
LaTeX Info: Redefining \dots on input line 475.
LaTeX Info: Redefining \cdots on input line 596.
\Mathstrutbox@=\box26
\strutbox@=\box27
\big@size=\dimen115
LaTeX Font Info:    Redeclaring font encoding OML on input line 712.
LaTeX Font Info:    Redeclaring font encoding OMS on input line 713.
\macc@depth=\count95
\c@MaxMatrixCols=\count96
\dotsspace@=\muskip10
\c@parentequation=\count97
\dspbrk@lvl=\count98
\tag@help=\toks17
\row@=\count99
\column@=\count100
\maxfields@=\count101
\andhelp@=\toks18
\eqnshift@=\dimen116
\alignsep@=\dimen117
\tagshift@=\dimen118
\tagwidth@=\dimen119
\totwidth@=\dimen120
\lineht@=\dimen121
\@envbody=\toks19
\multlinegap=\skip44
\multlinetaggap=\skip45
\mathdisplay@stack=\toks20
LaTeX Info: Redefining \[ on input line 2817.
LaTeX Info: Redefining \] on input line 2818.
)
(/usr/share/texlive/texmf-dist/tex/latex/enumitem/enumitem.sty
Package: enumitem 2011/09/28 v3.5.2 Customized lists
\labelindent=\skip46
\enit@outerparindent=\dimen122
\enit@toks=\toks21
\enit@inbox=\box28
\enitdp@description=\count102
)
(/usr/share/texlive/texmf-dist/tex/latex/listings/listings.sty
\lst@mode=\count103
\lst@gtempboxa=\box29
\lst@token=\toks22
\lst@length=\count104
\lst@currlwidth=\dimen123
\lst@column=\count105
\lst@pos=\count106
\lst@lostspace=\dimen124
\lst@width=\dimen125
\lst@newlines=\count107
\lst@lineno=\count108
\lst@maxwidth=\dimen126

(/usr/share/texlive/texmf-dist/tex/latex/listings/lstmisc.sty
File: lstmisc.sty 2015/06/04 1.6 (Carsten Heinz)
\c@lstnumber=\count109
\lst@skipnumbers=\count110
\lst@framebox=\box30
)
(/usr/share/texlive/texmf-dist/tex/latex/listings/listings.cfg
File: listings.cfg 2015/06/04 1.6 listings configuration
))
Package: listings 2015/06/04 1.6 (Carsten Heinz)

(./macias004603916.aux)
\openout1 = `macias004603916.aux'.

LaTeX Font Info:    Checking defaults for OML/cmm/m/it on input line 9.
LaTeX Font Info:    ... okay on input line 9.
LaTeX Font Info:    Checking defaults for T1/cmr/m/n on input line 9.
LaTeX Font Info:    ... okay on input line 9.
LaTeX Font Info:    Checking defaults for OT1/cmr/m/n on input line 9.
LaTeX Font Info:    ... okay on input line 9.
LaTeX Font Info:    Checking defaults for OMS/cmsy/m/n on input line 9.
LaTeX Font Info:    ... okay on input line 9.
LaTeX Font Info:    Checking defaults for OMX/cmex/m/n on input line 9.
LaTeX Font Info:    ... okay on input line 9.
LaTeX Font Info:    Checking defaults for U/cmr/m/n on input line 9.
LaTeX Font Info:    ... okay on input line 9.

*geometry* driver: auto-detecting
*geometry* detected driver: pdftex
*geometry* verbose mode - [ preamble ] result:
* driver: pdftex
* paper: <default>
* layout: <same size as paper>
* layoutoffset:(h,v)=(0.0pt,0.0pt)
* modes: 
* h-part:(L,W,R)=(36.135pt, 542.02501pt, 36.135pt)
* v-part:(T,H,B)=(36.135pt, 722.7pt, 36.135pt)
* \paperwidth=614.295pt
* \paperheight=794.96999pt
* \textwidth=542.02501pt
* \textheight=722.7pt
* \oddsidemargin=-36.135pt
* \evensidemargin=-36.135pt
* \topmargin=-73.135pt
* \headheight=12.0pt
* \headsep=25.0pt
* \topskip=11.0pt
* \footskip=30.0pt
* \marginparwidth=59.0pt
* \marginparsep=10.0pt
* \columnsep=10.0pt
* \skip\footins=10.0pt plus 4.0pt minus 2.0pt
* \hoffset=0.0pt
* \voffset=0.0pt
* \mag=1000
* \@twocolumnfalse
* \@twosidefalse
* \@mparswitchfalse
* \@reversemarginfalse
* (1in=72.27pt=25.4mm, 1cm=28.453pt)

(/usr/share/texlive/texmf-dist/tex/context/base/mkii/supp-pdf.mkii
[Loading MPS to PDF converter (version 2006.09.02).]
\scratchcounter=\count111
\scratchdimen=\dimen127
\scratchbox=\box31
\nofMPsegments=\count112
\nofMParguments=\count113
\everyMPshowfont=\toks23
\MPscratchCnt=\count114
\MPscratchDim=\dimen128
\MPnumerator=\count115
\makeMPintoPDFobject=\count116
\everyMPtoPDFconversion=\toks24
) (/usr/share/texlive/texmf-dist/tex/latex/oberdiek/epstopdf-base.sty
Package: epstopdf-base 2016/05/15 v2.6 Base part for package epstopdf

(/usr/share/texlive/texmf-dist/tex/generic/oberdiek/infwarerr.sty
Package: infwarerr 2016/05/16 v1.4 Providing info/warning/error messages (HO)
)
(/usr/share/texlive/texmf-dist/tex/latex/oberdiek/grfext.sty
Package: grfext 2016/05/16 v1.2 Manage graphics extensions (HO)

(/usr/share/texlive/texmf-dist/tex/generic/oberdiek/kvdefinekeys.sty
Package: kvdefinekeys 2016/05/16 v1.4 Define keys (HO)

(/usr/share/texlive/texmf-dist/tex/generic/oberdiek/ltxcmds.sty
Package: ltxcmds 2016/05/16 v1.23 LaTeX kernel commands for general use (HO)
)))
(/usr/share/texlive/texmf-dist/tex/latex/oberdiek/kvoptions.sty
Package: kvoptions 2016/05/16 v3.12 Key value format for package options (HO)

(/usr/share/texlive/texmf-dist/tex/generic/oberdiek/kvsetkeys.sty
Package: kvsetkeys 2016/05/16 v1.17 Key value parser (HO)

(/usr/share/texlive/texmf-dist/tex/generic/oberdiek/etexcmds.sty
Package: etexcmds 2016/05/16 v1.6 Avoid name clashes with e-TeX commands (HO)

(/usr/share/texlive/texmf-dist/tex/generic/oberdiek/ifluatex.sty
Package: ifluatex 2016/05/16 v1.4 Provides the ifluatex switch (HO)
Package ifluatex Info: LuaTeX not detected.
)
Package etexcmds Info: Could not find \expanded.
(etexcmds)             That can mean that you are not using pdfTeX 1.50 or
(etexcmds)             that some package has redefined \expanded.
(etexcmds)             In the latter case, load this package earlier.
)))
(/usr/share/texlive/texmf-dist/tex/generic/oberdiek/pdftexcmds.sty
Package: pdftexcmds 2018/01/21 v0.26 Utility functions of pdfTeX for LuaTeX (HO
)
Package pdftexcmds Info: LuaTeX not detected.
Package pdftexcmds Info: \pdf@primitive is available.
Package pdftexcmds Info: \pdf@ifprimitive is available.
Package pdftexcmds Info: \pdfdraftmode found.
)
Package epstopdf-base Info: Redefining graphics rule for `.eps' on input line 4
38.
Package grfext Info: Graphics extension search list:
(grfext)             [.pdf,.png,.jpg,.mps,.jpeg,.jbig2,.jb2,.PDF,.PNG,.JPG,.JPE
G,.JBIG2,.JB2,.eps]
(grfext)             \AppendGraphicsExtensions on input line 456.

(/usr/share/texlive/texmf-dist/tex/latex/latexconfig/epstopdf-sys.cfg
File: epstopdf-sys.cfg 2010/07/13 v1.3 Configuration of (r)epstopdf for TeX Liv
e
))
\c@lstlisting=\count117

Underfull \hbox (badness 10000) in paragraph at lines 17--19

 []


Underfull \hbox (badness 10000) in paragraph at lines 17--19

 []

<1a1.png, id=1, 282.30469pt x 248.42813pt>
File: 1a1.png Graphic file (type png)
<use 1a1.png>
Package pdftex.def Info: 1a1.png  used on input line 20.
(pdftex.def)             Requested size: 282.30399pt x 248.42752pt.
<1a2.png, id=2, 282.30469pt x 248.42813pt>
File: 1a2.png Graphic file (type png)
<use 1a2.png>
Package pdftex.def Info: 1a2.png  used on input line 21.
(pdftex.def)             Requested size: 282.30399pt x 248.42752pt.
<1a3.png, id=3, 282.30469pt x 248.42813pt>
File: 1a3.png Graphic file (type png)
<use 1a3.png>
Package pdftex.def Info: 1a3.png  used on input line 22.
(pdftex.def)             Requested size: 282.30399pt x 248.42752pt.
<1a4.png, id=4, 282.30469pt x 248.42813pt>
File: 1a4.png Graphic file (type png)
<use 1a4.png>
Package pdftex.def Info: 1a4.png  used on input line 23.
(pdftex.def)             Requested size: 282.30399pt x 248.42752pt.
[1

{/var/lib/texmf/fonts/map/pdftex/updmap/pdftex.map} <./1a1.png (PNG copy)> <./1
a2.png (PNG copy)>]
Underfull \hbox (badness 10000) in paragraph at lines 25--27

 []


Underfull \hbox (badness 10000) in paragraph at lines 36--39

 []


Underfull \hbox (badness 10000) in paragraph at lines 36--39

 []

[2 <./1a3.png (PNG copy)> <./1a4.png (PNG copy)>]
<1b1.png, id=21, 282.30469pt x 248.42813pt>
File: 1b1.png Graphic file (type png)
<use 1b1.png>
Package pdftex.def Info: 1b1.png  used on input line 40.
(pdftex.def)             Requested size: 239.9601pt x 211.1649pt.
<1b2.png, id=22, 282.30469pt x 248.42813pt>
File: 1b2.png Graphic file (type png)
<use 1b2.png>
Package pdftex.def Info: 1b2.png  used on input line 41.
(pdftex.def)             Requested size: 239.9601pt x 211.1649pt.
<1b3.png, id=23, 282.30469pt x 248.42813pt>
File: 1b3.png Graphic file (type png)
<use 1b3.png>
Package pdftex.def Info: 1b3.png  used on input line 42.
(pdftex.def)             Requested size: 282.30399pt x 248.42752pt.

Underfull \hbox (badness 10000) in paragraph at lines 46--50

 []

<1c1.png, id=24, 282.30469pt x 248.42813pt>
File: 1c1.png Graphic file (type png)
<use 1c1.png>
Package pdftex.def Info: 1c1.png  used on input line 51.
(pdftex.def)             Requested size: 211.72798pt x 186.32063pt.
<1c2.png, id=25, 282.30469pt x 248.42813pt>
File: 1c2.png Graphic file (type png)
<use 1c2.png>
Package pdftex.def Info: 1c2.png  used on input line 52.
(pdftex.def)             Requested size: 211.72798pt x 186.32063pt.
[3 <./1b1.png (PNG copy)> <./1b2.png (PNG copy)> <./1b3.png (PNG copy)>]
<1c3.png, id=29, 282.30469pt x 248.42813pt>
File: 1c3.png Graphic file (type png)
<use 1c3.png>
Package pdftex.def Info: 1c3.png  used on input line 53.
(pdftex.def)             Requested size: 282.30399pt x 248.42752pt.
<1c3_5.png, id=30, 282.30469pt x 248.42813pt>
File: 1c3_5.png Graphic file (type png)
<use 1c3_5.png>
Package pdftex.def Info: 1c3_5.png  used on input line 57.
(pdftex.def)             Requested size: 282.30399pt x 248.42752pt.

[4 <./1c1.png (PNG copy)> <./1c2.png (PNG copy)> <./1c3.png (PNG copy)> <./1c3_
5.png (PNG copy)>]
<1c4.png, id=34, 282.30469pt x 248.42813pt>
File: 1c4.png Graphic file (type png)
<use 1c4.png>
Package pdftex.def Info: 1c4.png  used on input line 62.
(pdftex.def)             Requested size: 282.30399pt x 248.42752pt.
<1c5.png, id=35, 282.30469pt x 248.42813pt>
File: 1c5.png Graphic file (type png)
<use 1c5.png>
Package pdftex.def Info: 1c5.png  used on input line 71.
(pdftex.def)             Requested size: 282.30399pt x 248.42752pt.
 [5 <./1c4.png (PNG copy)> <./1c5.png (PNG copy)>]
<1c6.png, id=39, 238.64156pt x 348.55219pt>
File: 1c6.png Graphic file (type png)
<use 1c6.png>
Package pdftex.def Info: 1c6.png  used on input line 79.
(pdftex.def)             Requested size: 238.64096pt x 348.55132pt.
 [6 <./1c6.png (PNG copy)>]
Underfull \hbox (badness 10000) in paragraph at lines 87--89

 []


Underfull \hbox (badness 10000) in paragraph at lines 87--89

 []

<2b.png, id=43, 444.15938pt x 263.48438pt>
File: 2b.png Graphic file (type png)
<use 2b.png>
Package pdftex.def Info: 2b.png  used on input line 90.
(pdftex.def)             Requested size: 444.15828pt x 263.48372pt.

Underfull \hbox (badness 10000) in paragraph at lines 92--95

 []


Underfull \hbox (badness 10000) in paragraph at lines 95--105

 []


Underfull \hbox (badness 10000) in paragraph at lines 95--105

 []


Underfull \hbox (badness 10000) in paragraph at lines 95--105

 []


Underfull \hbox (badness 10000) in paragraph at lines 95--105

 []


Underfull \hbox (badness 10000) in paragraph at lines 105--110

 []


Underfull \hbox (badness 10000) in paragraph at lines 105--110

 []

<2f.png, id=44, 456.95718pt x 257.46187pt>
File: 2f.png Graphic file (type png)
<use 2f.png>
Package pdftex.def Info: 2f.png  used on input line 111.
(pdftex.def)             Requested size: 456.95605pt x 257.46123pt.
[7 <./2b.png (PNG copy)>] [8 <./2f.png (PNG copy)>]
Underfull \hbox (badness 10000) in paragraph at lines 118--124

 []


Underfull \hbox (badness 10000) in paragraph at lines 118--124

 []


Underfull \hbox (badness 10000) in paragraph at lines 127--133

 []


Underfull \hbox (badness 10000) in paragraph at lines 127--133

 []


Underfull \hbox (badness 10000) in paragraph at lines 133--137

 []


Underfull \hbox (badness 10000) in paragraph at lines 133--137

 []

<3e.png, id=52, 453.94594pt x 246.1697pt>
File: 3e.png Graphic file (type png)
<use 3e.png>
Package pdftex.def Info: 3e.png  used on input line 138.
(pdftex.def)             Requested size: 453.94482pt x 246.16908pt.
[9 <./3e.png (PNG copy)>]
<4A.png, id=56, 322.95656pt x 354.57469pt>
File: 4A.png Graphic file (type png)
<use 4A.png>
Package pdftex.def Info: 4A.png  used on input line 146.
(pdftex.def)             Requested size: 387.54593pt x 425.4875pt.

Underfull \hbox (badness 10000) in paragraph at lines 148--151

 []


Underfull \hbox (badness 10000) in paragraph at lines 148--151

 []

<4B.png, id=57, 289.08pt x 288.3272pt>
File: 4B.png Graphic file (type png)
<use 4B.png>
Package pdftex.def Info: 4B.png  used on input line 152.
(pdftex.def)             Requested size: 289.07928pt x 288.32648pt.
[10 <./4A.png>]
<4B2.png, id=62, 316.18124pt x 217.5628pt>
File: 4B2.png Graphic file (type png)
<use 4B2.png>
Package pdftex.def Info: 4B2.png  used on input line 156.
(pdftex.def)             Requested size: 316.18047pt x 217.56227pt.
<4C.png, id=63, 383.93437pt x 289.08pt>
File: 4C.png Graphic file (type png)
<use 4C.png>
Package pdftex.def Info: 4C.png  used on input line 160.
(pdftex.def)             Requested size: 383.93343pt x 289.07928pt.
 [11 <./4B.png (PNG copy)> <./4B2.png (PNG copy)>]
<4D.png, id=67, 277.78781pt x 242.40562pt>
File: 4D.png Graphic file (type png)
<use 4D.png>
Package pdftex.def Info: 4D.png  used on input line 164.
(pdftex.def)             Requested size: 277.78711pt x 242.40501pt.
<4E.png, id=68, 282.30469pt x 248.42813pt>
File: 4E.png Graphic file (type png)
<use 4E.png>
Package pdftex.def Info: 4E.png  used on input line 177.
(pdftex.def)             Requested size: 282.30399pt x 248.42752pt.
<4F.png, id=69, 282.30469pt x 248.42813pt>
File: 4F.png Graphic file (type png)
<use 4F.png>
Package pdftex.def Info: 4F.png  used on input line 178.
(pdftex.def)             Requested size: 282.30399pt x 248.42752pt.
 [12 <./4C.png (PNG copy)> <./4D.png (PNG copy)>]
<4G.png, id=73, 301.125pt x 264.99pt>
File: 4G.png Graphic file (type png)
<use 4G.png>
Package pdftex.def Info: 4G.png  used on input line 182.
(pdftex.def)             Requested size: 301.12425pt x 264.98935pt.
 [13 <./4E.png (PNG copy)> <./4F.png>]
[14 <./4G.png (PNG copy)>] (./macias004603916.aux) ) 
Here is how much of TeX's memory you used:
 4105 strings out of 492982
 57951 string characters out of 6134895
 128866 words of memory out of 5000000
 7612 multiletter control sequences out of 15000+600000
 7658 words of font info for 28 fonts, out of 8000000 for 9000
 1141 hyphenation exceptions out of 8191
 41i,5n,32p,282b,903s stack positions out of 5000i,500n,10000p,200000b,80000s
</usr/share/texlive/texmf-d
ist/fonts/type1/public/amsfonts/cm/cmbx12.pfb></usr/share/texlive/texmf-dist/fo
nts/type1/public/amsfonts/cm/cmmi10.pfb></usr/share/texlive/texmf-dist/fonts/ty
pe1/public/amsfonts/cm/cmmi8.pfb></usr/share/texlive/texmf-dist/fonts/type1/pub
lic/amsfonts/cm/cmr10.pfb></usr/share/texlive/texmf-dist/fonts/type1/public/ams
fonts/cm/cmr12.pfb></usr/share/texlive/texmf-dist/fonts/type1/public/amsfonts/c
m/cmr8.pfb></usr/share/texlive/texmf-dist/fonts/type1/public/amsfonts/cm/cmsy10
.pfb></usr/share/texlive/texmf-dist/fonts/type1/public/amsfonts/cm/cmsy8.pfb>
Output written on macias004603916.pdf (14 pages, 443158 bytes).
PDF statistics:
 109 PDF objects out of 1000 (max. 8388607)
 57 compressed objects within 1 object stream
 0 named destinations out of 1000 (max. 500000)
 126 words of extra memory for PDF output out of 10000 (max. 10000000)

